<?xml version="1.0" encoding="UTF-8"?>
<testng-results ignored="0" total="1" passed="1" failed="0" skipped="0">
  <reporter-output>
  </reporter-output>
  <suite started-at="2018-11-28T08:02:35Z" name="Default suite" finished-at="2018-11-28T08:02:35Z" duration-ms="422">
    <groups>
    </groups>
    <test started-at="2018-11-28T08:02:35Z" name="Default test" finished-at="2018-11-28T08:02:35Z" duration-ms="422">
      <class name="Java.suijishu">
        <test-method signature="suiji()[pri:0, instance:Java.suijishu@fba92d3]" started-at="2018-11-28T08:02:35Z" name="suiji" finished-at="2018-11-28T08:02:35Z" duration-ms="388" status="PASS">
          <reporter-output>
          </reporter-output>
        </test-method> <!-- suiji -->
      </class> <!-- Java.suijishu -->
    </test> <!-- Default test -->
  </suite> <!-- Default suite -->
</testng-results>
